[14-Feb-2020 00:43:40 UTC] PHP Warning:  PHP Startup: Unable to load dynamic library 'php_bz2.dll' (tried: ext/php_bz2.dll (No such file or directory), ext/php_bz2.dll.dll (No such file or directory)) in Unknown on line 0
[14-Feb-2020 00:43:40 UTC] PHP Warning:  PHP Startup: Unable to load dynamic library 'php_curl.dll' (tried: ext/php_curl.dll (No such file or directory), ext/php_curl.dll.dll (No such file or directory)) in Unknown on line 0
[14-Feb-2020 00:43:40 UTC] PHP Warning:  PHP Startup: Unable to load dynamic library 'php_fileinfo.dll' (tried: ext/php_fileinfo.dll (No such file or directory), ext/php_fileinfo.dll.dll (No such file or directory)) in Unknown on line 0
[14-Feb-2020 00:43:40 UTC] PHP Warning:  PHP Startup: Unable to load dynamic library 'php_ftp.dll' (tried: ext/php_ftp.dll (No such file or directory), ext/php_ftp.dll.dll (No such file or directory)) in Unknown on line 0
[14-Feb-2020 00:43:40 UTC] PHP Warning:  PHP Startup: Unable to load dynamic library 'php_gd2.dll' (tried: ext/php_gd2.dll (No such file or directory), ext/php_gd2.dll.dll (No such file or directory)) in Unknown on line 0
[14-Feb-2020 00:43:40 UTC] PHP Warning:  PHP Startup: Unable to load dynamic library 'php_gettext.dll' (tried: ext/php_gettext.dll (No such file or directory), ext/php_gettext.dll.dll (No such file or directory)) in Unknown on line 0
[14-Feb-2020 00:43:40 UTC] PHP Warning:  PHP Startup: Unable to load dynamic library 'php_gmp.dll' (tried: ext/php_gmp.dll (No such file or directory), ext/php_gmp.dll.dll (No such file or directory)) in Unknown on line 0
[14-Feb-2020 00:43:40 UTC] PHP Warning:  PHP Startup: Unable to load dynamic library 'php_intl.dll' (tried: ext/php_intl.dll (No such file or directory), ext/php_intl.dll.dll (No such file or directory)) in Unknown on line 0
[14-Feb-2020 00:43:40 UTC] PHP Warning:  PHP Startup: Unable to load dynamic library 'php_imap.dll' (tried: ext/php_imap.dll (No such file or directory), ext/php_imap.dll.dll (No such file or directory)) in Unknown on line 0
[14-Feb-2020 00:43:40 UTC] PHP Warning:  PHP Startup: Unable to load dynamic library 'php_interbase.dll' (tried: ext/php_interbase.dll (No such file or directory), ext/php_interbase.dll.dll (No such file or directory)) in Unknown on line 0
[14-Feb-2020 00:43:40 UTC] PHP Warning:  PHP Startup: Unable to load dynamic library 'php_ldap.dll' (tried: ext/php_ldap.dll (No such file or directory), ext/php_ldap.dll.dll (No such file or directory)) in Unknown on line 0
[14-Feb-2020 00:43:40 UTC] PHP Warning:  PHP Startup: Unable to load dynamic library 'php_mbstring.dll' (tried: ext/php_mbstring.dll (No such file or directory), ext/php_mbstring.dll.dll (No such file or directory)) in Unknown on line 0
[14-Feb-2020 00:43:40 UTC] PHP Warning:  PHP Startup: Unable to load dynamic library 'php_exif.dll' (tried: ext/php_exif.dll (No such file or directory), ext/php_exif.dll.dll (No such file or directory)) in Unknown on line 0
[14-Feb-2020 00:43:40 UTC] PHP Warning:  PHP Startup: Unable to load dynamic library 'php_mysqli.dll' (tried: ext/php_mysqli.dll (No such file or directory), ext/php_mysqli.dll.dll (No such file or directory)) in Unknown on line 0
[14-Feb-2020 00:43:40 UTC] PHP Warning:  PHP Startup: Unable to load dynamic library 'php_oci8_12c.dll' (tried: ext/php_oci8_12c.dll (No such file or directory), ext/php_oci8_12c.dll.dll (No such file or directory)) in Unknown on line 0
[14-Feb-2020 00:43:40 UTC] PHP Warning:  PHP Startup: Unable to load dynamic library 'php_odbc.dll' (tried: ext/php_odbc.dll (No such file or directory), ext/php_odbc.dll.dll (No such file or directory)) in Unknown on line 0
[14-Feb-2020 00:43:40 UTC] PHP Warning:  PHP Startup: Unable to load dynamic library 'php_openssl.dll' (tried: ext/php_openssl.dll (No such file or directory), ext/php_openssl.dll.dll (No such file or directory)) in Unknown on line 0
[14-Feb-2020 00:43:40 UTC] PHP Warning:  PHP Startup: Unable to load dynamic library 'php_pdo_firebird.dll' (tried: ext/php_pdo_firebird.dll (No such file or directory), ext/php_pdo_firebird.dll.dll (No such file or directory)) in Unknown on line 0
[14-Feb-2020 00:43:40 UTC] PHP Warning:  PHP Startup: Unable to load dynamic library 'php_pdo_mysql.dll' (tried: ext/php_pdo_mysql.dll (No such file or directory), ext/php_pdo_mysql.dll.dll (No such file or directory)) in Unknown on line 0
[14-Feb-2020 00:43:40 UTC] PHP Warning:  PHP Startup: Unable to load dynamic library 'php_pdo_oci.dll' (tried: ext/php_pdo_oci.dll (No such file or directory), ext/php_pdo_oci.dll.dll (No such file or directory)) in Unknown on line 0
[14-Feb-2020 00:43:40 UTC] PHP Warning:  PHP Startup: Unable to load dynamic library 'php_pdo_odbc.dll' (tried: ext/php_pdo_odbc.dll (No such file or directory), ext/php_pdo_odbc.dll.dll (No such file or directory)) in Unknown on line 0
[14-Feb-2020 00:43:40 UTC] PHP Warning:  PHP Startup: Unable to load dynamic library 'php_pdo_pgsql.dll' (tried: ext/php_pdo_pgsql.dll (No such file or directory), ext/php_pdo_pgsql.dll.dll (No such file or directory)) in Unknown on line 0
[14-Feb-2020 00:43:40 UTC] PHP Warning:  PHP Startup: Unable to load dynamic library 'php_pdo_sqlite.dll' (tried: ext/php_pdo_sqlite.dll (No such file or directory), ext/php_pdo_sqlite.dll.dll (No such file or directory)) in Unknown on line 0
[14-Feb-2020 00:43:40 UTC] PHP Warning:  PHP Startup: Unable to load dynamic library 'php_pgsql.dll' (tried: ext/php_pgsql.dll (No such file or directory), ext/php_pgsql.dll.dll (No such file or directory)) in Unknown on line 0
[14-Feb-2020 00:43:40 UTC] PHP Warning:  PHP Startup: Unable to load dynamic library 'php_shmop.dll' (tried: ext/php_shmop.dll (No such file or directory), ext/php_shmop.dll.dll (No such file or directory)) in Unknown on line 0
